2026-07-11 22:33:04,566 - aqt.main - INFO - installer 16368 aqtinstall(aqt) v3.3.0 on Python 3.12.6 [CPython MSC v.1940 64 bit (AMD64)]
2026-07-11 22:33:04,567 - aqt.helper - DEBUG - helper 16368 Attempt to download checksum at https://download.qt.io/online/qtsdkrepository/all_os/qt/qt6_6103_windows_line_endings_src/Updates.xml.sha256
2026-07-11 22:33:06,360 - aqt.helper - DEBUG - helper 16368 Attempt to download checksum at https://download.qt.io/online/qtsdkrepository/all_os/extensions/qtwebengine/6103/src/Updates.xml.sha256
2026-07-11 22:33:07,141 - aqt.helper - DEBUG - helper 16368 Attempt to download checksum at https://download.qt.io/online/qtsdkrepository/all_os/extensions/qtwebengine/6103/src/Updates.xml.sha256
2026-07-11 22:33:07,929 - aqt.helper - DEBUG - helper 16368 Attempt to download checksum at https://download.qt.io/online/qtsdkrepository/all_os/extensions/qtwebengine/6103/src/Updates.xml.sha256
2026-07-11 22:33:08,721 - aqt.helper - DEBUG - helper 16368 Attempt to download checksum at https://download.qt.io/online/qtsdkrepository/all_os/extensions/qtwebengine/6103/src/Updates.xml.sha256
2026-07-11 22:33:09,545 - aqt.helper - DEBUG - helper 16368 Attempt to download checksum at https://download.qt.io/online/qtsdkrepository/all_os/extensions/qtwebengine/6103/src/Updates.xml.sha256
2026-07-11 22:33:10,334 - aqt.helper - DEBUG - helper 16368 Attempt to download checksum at https://download.qt.io/online/qtsdkrepository/all_os/extensions/qtpdf/6103/src/Updates.xml.sha256
2026-07-11 22:33:11,172 - aqt.helper - DEBUG - helper 16368 Attempt to download checksum at https://download.qt.io/online/qtsdkrepository/all_os/extensions/qtpdf/6103/src/Updates.xml.sha256
2026-07-11 22:33:11,987 - aqt.helper - DEBUG - helper 16368 Attempt to download checksum at https://download.qt.io/online/qtsdkrepository/all_os/extensions/qtpdf/6103/src/Updates.xml.sha256
2026-07-11 22:33:12,885 - aqt.helper - DEBUG - helper 16368 Attempt to download checksum at https://download.qt.io/online/qtsdkrepository/all_os/extensions/qtpdf/6103/src/Updates.xml.sha256
2026-07-11 22:33:13,737 - aqt.helper - DEBUG - helper 16368 Attempt to download checksum at https://download.qt.io/online/qtsdkrepository/all_os/extensions/qtpdf/6103/src/Updates.xml.sha256
2026-07-11 22:33:14,598 - aqt.installer - INFO - installer 16368 DRY RUN: Would download and install the following:
2026-07-11 22:33:14,599 - aqt.installer - INFO - installer 16368   - qtbase: online/qtsdkrepository/all_os/qt/qt6_6103_windows_line_endings_src/qt.qt6.6103.src/6.10.3-0-202603310406qtbase-everywhere-src-6.10.3.zip -> 6.10.3/Src/qtbase
2026-07-11 22:33:14,600 - aqt.installer - INFO - installer 16368   - qtsvg: online/qtsdkrepository/all_os/qt/qt6_6103_windows_line_endings_src/qt.qt6.6103.src/6.10.3-0-202603310406qtsvg-everywhere-src-6.10.3.zip -> 6.10.3/Src/qtsvg
2026-07-11 22:33:14,600 - aqt.installer - INFO - installer 16368 Total packages: 2
2026-07-11 22:33:14,601 - aqt.main - INFO - installer 16368 Finished installation
2026-07-11 22:33:14,601 - aqt.main - INFO - installer 16368 Time elapsed: 10.03499240 second
2026-07-11 22:34:07,322 - aqt.main - INFO - installer 4688 aqtinstall(aqt) v3.3.0 on Python 3.12.6 [CPython MSC v.1940 64 bit (AMD64)]
2026-07-11 22:34:07,323 - aqt.helper - DEBUG - helper 4688 Attempt to download checksum at https://download.qt.io/online/qtsdkrepository/all_os/qt/qt6_6103_windows_line_endings_src/Updates.xml.sha256
2026-07-11 22:34:08,939 - aqt.helper - DEBUG - helper 4688 Attempt to download checksum at https://download.qt.io/online/qtsdkrepository/all_os/extensions/qtwebengine/6103/src/Updates.xml.sha256
2026-07-11 22:34:09,707 - aqt.helper - DEBUG - helper 4688 Attempt to download checksum at https://download.qt.io/online/qtsdkrepository/all_os/extensions/qtwebengine/6103/src/Updates.xml.sha256
2026-07-11 22:34:10,501 - aqt.helper - DEBUG - helper 4688 Attempt to download checksum at https://download.qt.io/online/qtsdkrepository/all_os/extensions/qtwebengine/6103/src/Updates.xml.sha256
2026-07-11 22:34:11,300 - aqt.helper - DEBUG - helper 4688 Attempt to download checksum at https://download.qt.io/online/qtsdkrepository/all_os/extensions/qtwebengine/6103/src/Updates.xml.sha256
2026-07-11 22:34:12,067 - aqt.helper - DEBUG - helper 4688 Attempt to download checksum at https://download.qt.io/online/qtsdkrepository/all_os/extensions/qtwebengine/6103/src/Updates.xml.sha256
2026-07-11 22:34:12,808 - aqt.helper - DEBUG - helper 4688 Attempt to download checksum at https://download.qt.io/online/qtsdkrepository/all_os/extensions/qtpdf/6103/src/Updates.xml.sha256
2026-07-11 22:34:13,740 - aqt.helper - DEBUG - helper 4688 Attempt to download checksum at https://download.qt.io/online/qtsdkrepository/all_os/extensions/qtpdf/6103/src/Updates.xml.sha256
2026-07-11 22:34:14,530 - aqt.helper - DEBUG - helper 4688 Attempt to download checksum at https://download.qt.io/online/qtsdkrepository/all_os/extensions/qtpdf/6103/src/Updates.xml.sha256
2026-07-11 22:34:15,301 - aqt.helper - DEBUG - helper 4688 Attempt to download checksum at https://download.qt.io/online/qtsdkrepository/all_os/extensions/qtpdf/6103/src/Updates.xml.sha256
2026-07-11 22:34:16,094 - aqt.helper - DEBUG - helper 4688 Attempt to download checksum at https://download.qt.io/online/qtsdkrepository/all_os/extensions/qtpdf/6103/src/Updates.xml.sha256
2026-07-11 22:34:18,991 - aqt.helper - DEBUG - helper 8496 Attempt to download checksum at https://download.qt.io/online/qtsdkrepository/all_os/qt/qt6_6103_windows_line_endings_src/qt.qt6.6103.src/6.10.3-0-202603310406qtbase-everywhere-src-6.10.3.zip.sha256
2026-07-11 22:34:19,032 - aqt.helper - DEBUG - helper 19300 Attempt to download checksum at https://download.qt.io/online/qtsdkrepository/all_os/qt/qt6_6103_windows_line_endings_src/qt.qt6.6103.src/6.10.3-0-202603310406qtsvg-everywhere-src-6.10.3.zip.sha256
2026-07-11 22:34:19,886 - aqt.helper - INFO - helper 8496 Downloading qtbase...
2026-07-11 22:34:19,889 - aqt.helper - INFO - helper 19300 Downloading qtsvg...
2026-07-11 22:34:19,886 - aqt.installer - DEBUG - installer 8496 Download URL: https://download.qt.io/online/qtsdkrepository/all_os/qt/qt6_6103_windows_line_endings_src/qt.qt6.6103.src/6.10.3-0-202603310406qtbase-everywhere-src-6.10.3.zip
2026-07-11 22:34:19,890 - aqt.installer - DEBUG - installer 19300 Download URL: https://download.qt.io/online/qtsdkrepository/all_os/qt/qt6_6103_windows_line_endings_src/qt.qt6.6103.src/6.10.3-0-202603310406qtsvg-everywhere-src-6.10.3.zip
2026-07-11 22:34:20,733 - aqt.helper - DEBUG - helper 8496 Asked to redirect(302) to: https://ftp.jaist.ac.jp/pub/qtproject/online/qtsdkrepository/all_os/qt/qt6_6103_windows_line_endings_src/qt.qt6.6103.src/6.10.3-0-202603310406qtbase-everywhere-src-6.10.3.zip
2026-07-11 22:34:20,733 - aqt.helper - INFO - helper 8496 Redirected: ftp.jaist.ac.jp
2026-07-11 22:34:20,769 - aqt.helper - DEBUG - helper 19300 Asked to redirect(302) to: https://ftp.jaist.ac.jp/pub/qtproject/online/qtsdkrepository/all_os/qt/qt6_6103_windows_line_endings_src/qt.qt6.6103.src/6.10.3-0-202603310406qtsvg-everywhere-src-6.10.3.zip
2026-07-11 22:34:20,769 - aqt.helper - INFO - helper 19300 Redirected: ftp.jaist.ac.jp
2026-07-11 22:34:32,156 - aqt.installer - INFO - installer 19300 Finished installation of qtsvg-everywhere-src-6.10.3.zip in 13.12757010
2026-07-11 22:35:50,504 - aqt.installer - INFO - installer 8496 Finished installation of qtbase-everywhere-src-6.10.3.zip in 91.51570760
2026-07-11 22:35:50,734 - aqt.main - INFO - installer 4688 Finished installation
2026-07-11 22:35:50,734 - aqt.main - INFO - installer 4688 Time elapsed: 103.41218240 second
